May 29 22:01:00 3dr_controller local1.info stm32: stm32 update starting
May 29 22:01:00 3dr_controller local1.info stm32: no firmware available for update
May 29 22:01:00 3dr_controller local1.info stm32: requesting stm32 version
May 29 22:01:00 3dr_controller local1.info stm32: running version: 1.2.8
May 29 22:01:00 3dr_controller local1.info stm32: not updating (no new firmware)
May 29 22:01:00 3dr_controller local1.info stm32: writing STM_VERSION with running version 1.2.8
May 29 22:01:00 3dr_controller local1.info stm32: no screen update (READY exists)
May 29 22:01:01 3dr_controller local1.info net: hostapdconfig.py starting
May 29 22:01:01 3dr_controller local1.info net: --channel wlan0
May 29 22:01:01 3dr_controller local1.info net: can't get wlan0 frequency; defaulting to channel 0
May 29 22:01:01 3dr_controller local1.info net: changing channel in /etc/hostapd.conf from 0 to 0
May 29 22:01:01 3dr_controller local1.info pair: pair_server starting
May 29 22:01:01 3dr_controller local1.info pair: using default check_versions=True
May 29 22:01:01 3dr_controller local1.info pair: sololink version "2.3.0-1"
May 29 22:01:01 3dr_controller local1.info pair: firmware version "1.2.8"

acs_num_scans=8
wlan0-ap:
   Freq   Noise   OnChan   ChBusy  ExtBusy    Rxing    Txing
Ch  MHz     dBm     msec     msec     msec     msec     msec
 1 2412     -95     3177      559               338        0
 2 2417     -94      108       23                17        0
 3 2422     -95      108       19                11        0
 4 2427     -95      108       34                29        0
 5 2432     -95      108       28                20        0
 6 2437     -95      108       36                30        0
 7 2442     -95      108       25                19        0
 8 2447     -95      108       30                22        0
 9 2452     -95      108       40                29        0
10 2457     -95      108       40                30        0
11 2462 *   -95      404       94                59        8

May 29 22:01:11 3dr_controller local1.info pair: connection request from known solo: send CONN_ACK (yes)
May 29 22:01:11 3dr_controller local1.info pair: solo version "2.3.0-1"; firmware "1.2.23"
May 29 22:01:11 3dr_controller local1.info pair: IDLE -> CONNECTED
May 29 22:01:11 3dr_controller local1.info pair: connected with ('10.1.1.10', 33259)
May 29 22:01:11 3dr_controller local1.info pair: switching to runlevel.READY
May 29 22:01:12 3dr_controller local1.info +131 tlm: telem_ctrl starting: built Mar 23 2016 18:45:53
May 29 22:01:12 3dr_controller local1.info +137 tlm: stm32 @ 127.0.0.1:5015
May 29 22:01:12 3dr_controller local1.info +142 tlm: tlog @ 127.0.0.1:14583
May 29 22:01:12 3dr_controller local1.info +143 tlm: telem_dest_port = 14550
May 29 22:01:12 3dr_controller local1.info +143 tlm: use_gps_time = 1
May 29 22:01:12 3dr_controller local1.info +143 tlm: uplink_tos = 0x00
May 29 22:01:12 3dr_controller local1.info +143 tlm: gcs_tos = 0x00
May 29 22:01:12 3dr_controller local1.info +173 tlm: solo @ 10.1.1.10:14560
May 29 22:01:12 3dr_controller local1.info app: starting
May 29 22:01:12 3dr_controller local1.info app: waiting for connection
May 29 22:01:22 3dr_controller local1.info +216 tlm: dn:102 (1,1)1493/0 (10,0)10/0 up:0
May 29 22:01:32 3dr_controller local1.info +170 tlm: dn:98 (1,1)822/0 (10,0)10/0 up:0
May 29 22:01:42 3dr_controller local1.info +227 tlm: dn:99 (1,1)843/0 (10,0)10/0 up:0
May 29 22:01:52 3dr_controller local1.info +166 tlm: dn:98 (1,1)837/0 (10,0)10/0 up:0
May 29 22:02:02 3dr_controller local1.info +222 tlm: dn:99 (1,1)824/0 (10,0)10/0 up:0
May 29 22:02:12 3dr_controller local1.info +178 tlm: dn:98 (1,1)837/0 (10,0)10/0 up:0
May 29 22:02:22 3dr_controller local1.info +210 tlm: dn:99 (1,1)843/0 (10,0)10/0 up:0
May 29 22:02:32 3dr_controller local1.info +225 tlm: dn:99 (1,1)818/0 (10,0)10/0 up:0
May 29 22:02:42 3dr_controller local1.info +221 tlm: dn:99 (1,1)840/0 (10,0)10/0 up:0
May 29 22:02:52 3dr_controller local1.info +175 tlm: dn:98 (1,1)837/0 (10,0)10/0 up:0
May 29 22:03:02 3dr_controller local1.info +202 tlm: dn:99 (1,1)828/0 (10,0)10/0 up:0
May 29 22:03:12 3dr_controller local1.info +238 tlm: dn:99 (1,1)836/0 (10,0)10/0 up:0
May 29 22:03:22 3dr_controller local1.info +251 tlm: dn:99 (1,1)841/0 (10,0)10/0 up:0
May 29 22:03:32 3dr_controller local1.info +188 tlm: dn:98 (1,1)834/0 (10,0)10/0 up:0
May 29 22:03:42 3dr_controller local1.info +197 tlm: dn:98 (1,1)821/0 (10,0)10/0 up:0
May 29 22:03:52 3dr_controller local1.info +207 tlm: dn:99 (1,1)843/0 (10,0)10/0 up:0
May 29 22:04:02 3dr_controller local1.info +161 tlm: dn:98 (1,1)837/0 (10,0)10/0 up:0
May 29 22:04:12 3dr_controller local1.info +201 tlm: dn:99 (1,1)825/0 (10,0)10/0 up:0
May 29 22:04:22 3dr_controller local1.info +255 tlm: dn:99 (1,1)842/0 (10,0)10/0 up:0
May 29 22:04:32 3dr_controller local1.info +197 tlm: dn:98 (1,1)837/0 (10,0)10/0 up:0
May 29 22:04:42 3dr_controller local1.info +225 tlm: dn:99 (1,1)830/0 (10,0)10/0 up:0
May 29 22:04:52 3dr_controller local1.info +222 tlm: dn:99 (1,1)829/0 (10,0)10/0 up:0
May 29 22:05:02 3dr_controller local1.info +159 tlm: dn:98 (1,1)837/0 (10,0)10/0 up:0
May 29 22:05:12 3dr_controller local1.info +214 tlm: dn:99 (1,1)842/0 (10,0)10/0 up:0
May 29 22:05:22 3dr_controller local1.info +181 tlm: dn:98 (1,1)821/0 (10,0)10/0 up:0
May 29 22:05:32 3dr_controller local1.info +221 tlm: dn:99 (1,1)841/0 (10,0)10/0 up:0
May 29 22:05:42 3dr_controller local1.info +179 tlm: dn:98 (1,1)835/0 (10,0)10/0 up:0
May 29 22:05:52 3dr_controller local1.info +242 tlm: dn:100 (1,1)826/0 (10,0)10/0 up:0
May 29 22:06:02 3dr_controller local1.info +189 tlm: dn:98 (1,1)837/0 (10,0)10/0 up:0
May 29 22:06:12 3dr_controller local1.info +182 tlm: dn:99 (1,1)837/0 (10,0)10/0 up:0
May 29 22:06:22 3dr_controller local1.info +182 tlm: dn:99 (1,1)825/0 (10,0)10/0 up:0
May 29 22:06:32 3dr_controller local1.info +234 tlm: dn:99 (1,1)843/0 (10,0)10/0 up:0
May 29 22:06:42 3dr_controller local1.info +180 tlm: dn:98 (1,1)836/0 (10,0)10/0 up:0
May 29 22:06:52 3dr_controller local1.info +224 tlm: dn:99 (1,1)838/0 (10,0)10/0 up:0
May 29 22:07:02 3dr_controller local1.info +196 tlm: dn:98 (1,1)821/0 (10,0)10/0 up:0
May 29 22:07:12 3dr_controller local1.info +248 tlm: dn:99 (1,1)843/0 (10,0)10/0 up:0
May 29 22:07:22 3dr_controller local1.info +165 tlm: dn:98 (1,1)837/0 (10,0)10/0 up:0
May 29 22:07:32 3dr_controller local1.info +252 tlm: dn:100 (1,1)824/0 (10,0)10/0 up:0
May 29 22:07:42 3dr_controller local1.info +211 tlm: dn:98 (1,1)837/0 (10,0)10/0 up:0
May 29 22:07:42 3dr_controller local1.info +268 tlm: adding telem dest @ 10.1.1.177:14550
May 29 22:07:43 3dr_controller local1.info logger: /usr/bin/sololink_config --get-wifi-ssid
May 29 22:07:43 3dr_controller local1.info app: connection from ('10.1.1.177', 51780)
May 29 22:07:43 3dr_controller local1.info app: app IP is 10.1.1.177
May 29 22:07:44 3dr_controller local1.info logger: /usr/bin/sololink_config --get-wifi-ssid
May 29 22:07:45 3dr_controller local1.info logger: /usr/bin/sololink_config --get-wifi-password
May 29 22:07:45 3dr_controller local1.info logger: /usr/bin/sololink_config --get-wifi-country
May 29 22:07:48 3dr_controller local1.info logger: /usr/bin/sololink_config --set-ui-units imperial
May 29 22:07:51 3dr_controller local1.info logger: /usr/bin/sololink_config --get-wifi-password
May 29 22:07:52 3dr_controller local1.info logger: /usr/bin/sololink_config --get-wifi-country
May 29 22:07:52 3dr_controller local1.info +172 tlm: dn:98 (1,1)878/0 (10,0)10/0 up:59
May 29 22:07:54 3dr_controller local1.info logger: /usr/bin/sololink_config --get-wifi-password
May 29 22:07:55 3dr_controller local1.info logger: /usr/bin/sololink_config --get-wifi-country
May 29 22:07:58 3dr_controller local1.info logger: /usr/bin/sololink_config --get-wifi-password
May 29 22:07:58 3dr_controller local1.info logger: /usr/bin/sololink_config --get-wifi-country
May 29 22:08:01 3dr_controller local1.info logger: /usr/bin/sololink_config --get-wifi-password
May 29 22:08:01 3dr_controller local1.info logger: /usr/bin/sololink_config --get-wifi-country
May 29 22:08:02 3dr_controller local1.info +226 tlm: dn:99 (1,1)827/0 (10,0)10/0 up:10
May 29 22:08:02 3dr_controller local1.info +276 tlm: adding telem dest @ 10.1.1.127:14550
May 29 22:08:12 3dr_controller local1.info +257 tlm: dn:99 (1,1)841/0 (10,0)10/0 up:10
May 29 22:08:22 3dr_controller local1.info +229 tlm: dn:98 (1,1)836/0 (10,0)10/0 up:10
May 29 22:08:32 3dr_controller local1.info +178 tlm: dn:98 (1,1)821/0 (10,0)10/0 up:10
May 29 22:08:42 3dr_controller local1.info +198 tlm: dn:99 (1,1)843/0 (10,0)10/0 up:10
May 29 22:08:52 3dr_controller local1.info +180 tlm: dn:99 (1,1)837/0 (10,0)10/0 up:9
May 29 22:09:02 3dr_controller local1.info +233 tlm: dn:99 (1,1)838/0 (10,0)10/0 up:10
May 29 22:09:12 3dr_controller local1.info +184 tlm: dn:98 (1,1)820/0 (10,0)10/0 up:10
May 29 22:09:22 3dr_controller local1.info +208 tlm: dn:99 (1,1)843/0 (10,0)10/0 up:10
May 29 22:09:31 3dr_controller local1.info app: closing connection
May 29 22:09:31 3dr_controller local1.info app: waiting for connection
May 29 22:09:32 3dr_controller local1.info +192 tlm: dn:98 (1,1)837/0 (10,0)10/0 up:9
May 29 22:09:42 3dr_controller local1.info +214 tlm: dn:99 (1,1)825/0 (10,0)10/0 up:0
May 29 22:09:52 3dr_controller local1.info +178 tlm: dn:98 (1,1)836/0 (10,0)10/0 up:0
May 29 22:10:02 3dr_controller local1.info +233 tlm: dn:99 (1,1)843/0 (10,0)10/0 up:0
May 29 22:10:12 3dr_controller local1.info +185 tlm: dn:98 (1,1)819/0 (10,0)10/0 up:0
May 29 22:10:22 3dr_controller local1.info +192 tlm: dn:99 (1,1)841/0 (10,0)10/0 up:0
May 29 22:10:32 3dr_controller local1.info +171 tlm: dn:99 (1,1)837/0 (10,0)10/0 up:0
May 29 22:10:42 3dr_controller local1.info +219 tlm: dn:99 (1,1)842/0 (10,0)10/0 up:0
May 29 22:10:52 3dr_controller local1.info +207 tlm: dn:99 (1,1)821/0 (10,0)10/0 up:0
May 29 22:11:02 3dr_controller local1.info +233 tlm: dn:99 (1,1)841/0 (10,0)10/0 up:0
May 29 22:11:12 3dr_controller local1.info +167 tlm: dn:98 (1,1)834/0 (10,0)10/0 up:0
May 29 22:11:22 3dr_controller local1.info +217 tlm: dn:99 (1,1)827/0 (10,0)10/0 up:0
May 29 22:11:32 3dr_controller local1.info +231 tlm: dn:99 (1,1)840/0 (10,0)10/0 up:0
May 29 22:11:42 3dr_controller local1.info +199 tlm: dn:99 (1,1)837/0 (10,0)10/0 up:0
May 29 22:11:52 3dr_controller local1.info +249 tlm: dn:99 (1,1)843/0 (10,0)10/0 up:0
May 29 22:12:02 3dr_controller local1.info +209 tlm: dn:98 (1,1)821/0 (10,0)10/0 up:0
May 29 22:12:12 3dr_controller local1.info +232 tlm: dn:99 (1,1)841/0 (10,0)10/0 up:0
May 29 22:12:22 3dr_controller local1.info +205 tlm: dn:98 (1,1)834/0 (10,0)10/0 up:0
May 29 22:12:32 3dr_controller local1.info +240 tlm: dn:99 (1,1)827/0 (10,0)10/0 up:0
May 29 22:12:42 3dr_controller local1.info +193 tlm: dn:98 (1,1)837/0 (10,0)10/0 up:0
May 29 22:12:52 3dr_controller local1.info +201 tlm: dn:98 (1,1)837/0 (10,0)10/0 up:0
May 29 22:13:02 3dr_controller local1.info +186 tlm: dn:99 (1,1)824/0 (10,0)10/0 up:0
May 29 22:13:12 3dr_controller local1.info +245 tlm: dn:99 (1,1)843/0 (10,0)10/0 up:0
May 29 22:13:22 3dr_controller local1.info +214 tlm: dn:98 (1,1)837/0 (10,0)10/0 up:0
May 29 22:13:32 3dr_controller local1.info +250 tlm: dn:99 (1,1)838/0 (10,0)10/0 up:0
May 29 22:13:42 3dr_controller local1.info +207 tlm: dn:98 (1,1)821/0 (10,0)10/0 up:0
May 29 22:13:52 3dr_controller local1.info +162 tlm: dn:98 (1,1)836/0 (10,0)10/0 up:0
May 29 22:14:02 3dr_controller local1.info +200 tlm: dn:99 (1,1)843/0 (10,0)10/0 up:0
May 29 22:14:12 3dr_controller local1.info +166 tlm: dn:98 (1,1)821/0 (10,0)10/0 up:0
May 29 22:14:22 3dr_controller local1.info +224 tlm: dn:99 (1,1)841/0 (10,0)10/0 up:0
May 29 22:14:32 3dr_controller local1.info +240 tlm: dn:99 (1,1)843/0 (10,0)10/0 up:0
May 29 22:14:42 3dr_controller local1.info +211 tlm: dn:98 (1,1)818/0 (10,0)10/0 up:0
May 29 22:14:52 3dr_controller local1.info +199 tlm: dn:99 (1,1)837/0 (10,0)10/0 up:0
May 29 22:15:02 3dr_controller local1.info +236 tlm: dn:99 (1,1)841/0 (10,0)10/0 up:0
May 29 22:15:12 3dr_controller local1.info +253 tlm: dn:99 (1,1)843/0 (10,0)10/0 up:0
May 29 22:15:22 3dr_controller local1.info +181 tlm: dn:98 (1,1)821/0 (10,0)10/0 up:0
May 29 22:15:32 3dr_controller local1.info +232 tlm: dn:99 (1,1)840/0 (10,0)10/0 up:0
May 29 22:15:42 3dr_controller local1.info +212 tlm: dn:98 (1,1)837/0 (10,0)10/0 up:0
May 29 22:15:52 3dr_controller local1.info +238 tlm: dn:99 (1,1)824/0 (10,0)10/0 up:0
May 29 22:16:02 3dr_controller local1.info +181 tlm: dn:98 (1,1)837/0 (10,0)10/0 up:0
May 29 22:16:12 3dr_controller local1.info +247 tlm: dn:99 (1,1)841/0 (10,0)10/0 up:0
May 29 22:16:22 3dr_controller local1.info +197 tlm: dn:98 (1,1)820/0 (10,0)10/0 up:0
May 29 22:16:32 3dr_controller local1.info +186 tlm: dn:99 (1,1)837/0 (10,0)10/0 up:0
May 29 22:16:42 3dr_controller local1.info +183 tlm: dn:99 (1,1)843/0 (10,0)10/0 up:0
May 29 22:16:52 3dr_controller local1.info +220 tlm: dn:99 (1,1)839/0 (10,0)10/0 up:0
May 29 22:17:02 3dr_controller local1.info +202 tlm: dn:98 (1,1)820/0 (10,0)10/0 up:0
May 29 22:17:12 3dr_controller local1.info +160 tlm: dn:98 (1,1)837/0 (10,0)10/0 up:0
May 29 22:17:22 3dr_controller local1.info +198 tlm: dn:99 (1,1)843/0 (10,0)10/0 up:0
May 29 22:17:25 3dr_controller local1.info +742 tlm: gps time 2016-06-02 19:54:57,654
Jun  2 19:54:57 3dr_controller local1.info +654 tlm: system time set from gps time
Jun  2 19:55:04 3dr_controller local1.info +156 tlm: dn:99 (1,1)848/0 (10,0)10/0 up:0
Jun  2 19:55:14 3dr_controller local1.info +156 tlm: dn:99 (1,1)877/0 (10,0)10/0 up:0
Jun  2 19:55:24 3dr_controller local1.info +138 tlm: dn:98 (1,1)861/0 (10,0)10/0 up:0
Jun  2 19:55:34 3dr_controller local1.info +139 tlm: dn:99 (1,1)851/0 (10,0)10/0 up:0
Jun  2 19:55:44 3dr_controller local1.info +110 tlm: dn:99 (1,1)876/0 (10,0)10/0 up:0
Jun  2 19:55:54 3dr_controller local1.info +096 tlm: dn:98 (1,1)872/0 (10,0)10/0 up:0
Jun  2 19:56:04 3dr_controller local1.info +136 tlm: dn:99 (1,1)878/0 (10,0)10/0 up:0
Jun  2 19:56:14 3dr_controller local1.info +087 tlm: dn:98 (1,1)853/0 (10,0)10/0 up:0
Jun  2 19:56:24 3dr_controller local1.info +152 tlm: dn:99 (1,1)876/0 (10,0)10/0 up:0
Jun  2 19:56:34 3dr_controller local1.info +092 tlm: dn:98 (1,1)870/0 (10,0)10/0 up:0
Jun  2 19:56:44 3dr_controller local1.info +083 tlm: dn:99 (1,1)855/0 (10,0)10/0 up:0
Jun  2 19:56:54 3dr_controller local1.info +136 tlm: dn:99 (1,1)878/0 (10,0)10/0 up:0
Jun  2 19:57:04 3dr_controller local1.info +196 tlm: dn:62 (1,1)539/0 (10,0)6/0 up:0
Jun  2 19:57:04 3dr_controller local1.err +442 tlm: ERROR getting station info
Jun  2 19:57:09 3dr_controller local1.err +443 tlm: ERROR getting station info
Jun  2 19:57:14 3dr_controller local1.info +199 tlm: dn:0 up:0
Jun  2 19:57:14 3dr_controller local1.err +444 tlm: ERROR getting station info
Jun  2 19:57:18 3dr_controller local1.info net: hostapdconfig.py starting
Jun  2 19:57:18 3dr_controller local1.info net: --channel wlan0
Jun  2 19:57:18 3dr_controller local1.info net: can't get wlan0 frequency; defaulting to channel 0
Jun  2 19:57:18 3dr_controller local1.info net: changing channel in /etc/hostapd.conf from 0 to 0
Jun  2 19:57:24 3dr_controller local1.info +202 tlm: dn:0 up:0
Jun  2 19:57:31 3dr_controller local1.err +992 tlm: dropped 299 downlink packets
Jun  2 19:57:34 3dr_controller local1.info +084 tlm: dn:32 (1,1)294/0 (10,0)4/0 up:0
Jun  2 19:57:40 3dr_controller local1.err +970 tlm: dropped 2 downlink packets
Jun  2 19:57:44 3dr_controller local1.info +114 tlm: dn:97 (1,1)863/1 (10,0)10/0 up:0
Jun  2 19:57:54 3dr_controller local1.info +181 tlm: dn:94 (1,1)812/0 (10,0)9/0 up:0
Jun  2 19:57:54 3dr_controller local1.err +453 tlm: ERROR getting station info
Jun  2 19:57:59 3dr_controller local1.err +454 tlm: ERROR getting station info
Jun  2 19:58:00 3dr_controller local1.info net: hostapdconfig.py starting
Jun  2 19:58:00 3dr_controller local1.info net: --channel wlan0
Jun  2 19:58:00 3dr_controller local1.info net: wlan0 is at 2412 MHz (channel 1)
Jun  2 19:58:00 3dr_controller local1.info net: changing channel in /etc/hostapd.conf from 0 to 1
Jun  2 19:58:04 3dr_controller local1.info +184 tlm: dn:0 up:0
Jun  2 19:58:04 3dr_controller local1.info +455 tlm: adding telem dest @ 10.104.40.1:14550
Jun  2 19:58:09 3dr_controller local1.info +456 tlm: adding telem dest @ 10.104.40.4:14550
Jun  2 19:58:14 3dr_controller local1.info +187 tlm: dn:0 up:0
Jun  2 19:58:14 3dr_controller local1.err +449 tlm: dropped 203 downlink packets
Jun  2 19:58:24 3dr_controller local1.info +133 tlm: dn:96 (1,1)844/0 (10,0)10/0 up:0
Jun  2 19:58:34 3dr_controller local1.info +115 tlm: dn:98 (1,1)871/0 (10,0)10/0 up:0
Jun  2 19:58:44 3dr_controller local1.info +106 tlm: dn:99 (1,1)878/0 (10,0)10/0 up:0
Jun  2 19:58:46 3dr_controller local1.err +110 tlm: dropped 2 downlink packets
Jun  2 19:58:54 3dr_controller local1.info +074 tlm: dn:97 (1,1)842/1 (10,0)9/1 up:0
Jun  2 19:59:04 3dr_controller local1.info +121 tlm: dn:99 (1,1)876/0 (10,0)10/0 up:0
Jun  2 19:59:14 3dr_controller local1.info +096 tlm: dn:98 (1,1)872/0 (10,0)10/0 up:0
Jun  2 19:59:24 3dr_controller local1.info +110 tlm: dn:99 (1,1)877/0 (10,0)10/0 up:0
Jun  2 19:59:34 3dr_controller local1.info +103 tlm: dn:99 (1,1)854/0 (10,0)10/0 up:0
Jun  2 19:59:44 3dr_controller local1.info +140 tlm: dn:99 (1,1)876/0 (10,0)10/0 up:0
Jun  2 19:59:54 3dr_controller local1.info +092 tlm: dn:98 (1,1)869/0 (10,0)10/0 up:0
Jun  2 20:00:04 3dr_controller local1.info +106 tlm: dn:99 (1,1)861/0 (10,0)10/0 up:0
Jun  2 20:00:14 3dr_controller local1.info +082 tlm: dn:98 (1,1)871/0 (10,0)10/0 up:0
Jun  2 20:00:24 3dr_controller local1.info +109 tlm: dn:99 (1,1)876/0 (10,0)10/0 up:0
Jun  2 20:00:34 3dr_controller local1.info +163 tlm: dn:99 (1,1)878/0 (10,0)10/0 up:0
Jun  2 20:00:44 3dr_controller local1.info +130 tlm: dn:98 (1,1)854/0 (10,0)10/0 up:0
Jun  2 20:00:54 3dr_controller local1.info +086 tlm: dn:98 (1,1)872/0 (10,0)10/0 up:0
Jun  2 20:01:04 3dr_controller local1.info +137 tlm: dn:100 (1,1)873/0 (10,0)10/0 up:0
Jun  2 20:01:14 3dr_controller local1.info +132 tlm: dn:99 (1,1)854/0 (10,0)10/0 up:0
Jun  2 20:01:24 3dr_controller local1.info +144 tlm: dn:99 (1,1)878/0 (10,0)10/0 up:0
Jun  2 20:01:34 3dr_controller local1.info +163 tlm: dn:99 (1,1)876/0 (10,0)10/0 up:0
Jun  2 20:01:44 3dr_controller local1.info +139 tlm: dn:99 (1,1)853/0 (10,0)10/0 up:0
Jun  2 20:01:54 3dr_controller local1.info +076 tlm: dn:98 (1,1)872/0 (10,0)10/0 up:0
Jun  2 20:02:04 3dr_controller local1.info +078 tlm: dn:99 (1,1)872/0 (10,0)10/0 up:0
Jun  2 20:02:14 3dr_controller local1.info +076 tlm: dn:99 (1,1)858/0 (10,0)10/0 up:0
Jun  2 20:02:24 3dr_controller local1.info +084 tlm: dn:99 (1,1)876/0 (10,0)10/0 up:0
Jun  2 20:02:34 3dr_controller local1.info +080 tlm: dn:98 (1,1)871/0 (10,0)10/0 up:0
Jun  2 20:02:44 3dr_controller local1.info +131 tlm: dn:99 (1,1)878/0 (10,0)10/0 up:0
Jun  2 20:02:54 3dr_controller local1.info +078 tlm: dn:98 (1,1)854/0 (10,0)10/0 up:0
Jun  2 20:03:04 3dr_controller local1.info +117 tlm: dn:99 (1,1)876/0 (10,0)10/0 up:0
Jun  2 20:03:14 3dr_controller local1.info +154 tlm: dn:99 (1,1)878/0 (10,0)10/0 up:0
Jun  2 20:03:24 3dr_controller local1.info +153 tlm: dn:99 (1,1)851/0 (10,0)10/0 up:0
Jun  2 20:03:34 3dr_controller local1.info +158 tlm: dn:99 (1,1)876/0 (10,0)10/0 up:0
Jun  2 20:03:44 3dr_controller local1.info +092 tlm: dn:98 (1,1)872/0 (10,0)10/0 up:0
Jun  2 20:03:54 3dr_controller local1.info +141 tlm: dn:99 (1,1)878/0 (10,0)10/0 up:0
Jun  2 20:04:04 3dr_controller local1.info +129 tlm: dn:99 (1,1)854/0 (10,0)10/0 up:0
Jun  2 20:04:14 3dr_controller local1.info +082 tlm: dn:98 (1,1)871/0 (10,0)10/0 up:0
Jun  2 20:04:24 3dr_controller local1.info +089 tlm: dn:99 (1,1)873/0 (10,0)10/0 up:0
Jun  2 20:04:34 3dr_controller local1.info +138 tlm: dn:99 (1,1)861/0 (10,0)10/0 up:0
Jun  2 20:04:44 3dr_controller local1.info +132 tlm: dn:99 (1,1)876/0 (10,0)10/0 up:0
Jun  2 20:04:54 3dr_controller local1.info +073 tlm: dn:97 (1,1)868/0 (10,0)10/0 up:0
Jun  2 20:05:04 3dr_controller local1.info +150 tlm: dn:100 (1,1)881/0 (10,0)10/0 up:0
Jun  2 20:05:14 3dr_controller local1.info +111 tlm: dn:98 (1,1)854/0 (10,0)10/0 up:0
Jun  2 20:05:24 3dr_controller local1.info +072 tlm: dn:98 (1,1)872/0 (10,0)10/0 up:0
Jun  2 20:05:34 3dr_controller local1.info +123 tlm: dn:99 (1,1)874/0 (10,0)10/0 up:0
Jun  2 20:05:44 3dr_controller local1.info +151 tlm: dn:99 (1,1)859/0 (10,0)10/0 up:0
Jun  2 20:05:54 3dr_controller local1.info +101 tlm: dn:98 (1,1)872/0 (10,0)10/0 up:0
Jun  2 20:06:04 3dr_controller local1.info +082 tlm: dn:99 (1,1)872/0 (10,0)10/0 up:0
Jun  2 20:06:14 3dr_controller local1.info +138 tlm: dn:98 (1,1)858/0 (10,0)10/0 up:0
