May 29 22:01:01 3dr_controller local0.info +392 stm32: main: starting: built Mar 23 2016 18:45:45
May 29 22:01:01 3dr_controller local0.info +396 stm32: logging telemetry gaps >= 1000 msec
May 29 22:01:01 3dr_controller local0.info +397 stm32: pkt: opened port 5005
May 29 22:01:01 3dr_controller local0.info +397 stm32: pkt: opened port 5015
May 29 22:01:01 3dr_controller local0.info +397 stm32: pkt: opened port 5012
May 29 22:01:01 3dr_controller local0.info +397 stm32: pkt: opened port 5013
May 29 22:01:01 3dr_controller local0.info +397 stm32: pkt: opened port 5014
May 29 22:01:01 3dr_controller local0.info +397 stm32: pkt: opened port 5011
May 29 22:01:01 3dr_controller local0.info +397 stm32: pkt: opened port 5010
May 29 22:01:01 3dr_controller local0.info +398 stm32: pkt: opened port 5024
May 29 22:01:01 3dr_controller local0.info +398 stm32: pkt: opened port 5022
May 29 22:01:01 3dr_controller local0.info +398 stm32: pkt: opened port 5016
May 29 22:01:01 3dr_controller local0.info +398 stm32: pkt: opened port 5021
May 29 22:01:01 3dr_controller local0.info +399 stm32: pkt: opened port 5017
May 29 22:01:01 3dr_controller local0.info +399 stm32: pkt: opened port 5018
May 29 22:01:01 3dr_controller local0.info +399 stm32: pkt: opened port 5019
May 29 22:01:01 3dr_controller local0.info +399 stm32: pkt: opened port 5020
May 29 22:01:01 3dr_controller local0.info +399 stm32: pkt: opened port 5026
May 29 22:01:01 3dr_controller local0.info +400 stm32: opened serial port /dev/ttymxc1
May 29 22:01:01 3dr_controller local0.info +464 stm32: InputReport downstream_thread: starting
May 29 22:01:01 3dr_controller local0.info +465 stm32: ButtonEvent downstream_thread: starting
May 29 22:01:01 3dr_controller local0.info +467 stm32: InputReport listen_thread: starting
May 29 22:01:01 3dr_controller local0.info +468 stm32: ButtonEvent listen_thread: starting
May 29 22:01:01 3dr_controller local0.info +499 stm32: slip - initial sync
May 29 22:01:01 3dr_controller local0.info +503 stm32: sys: unique id: 32:ff:d3:05:46:57:35:35:18:73:22:43
May 29 22:01:01 3dr_controller local0.info +503 stm32: sys: hardware ver: 3
May 29 22:01:01 3dr_controller local0.info +503 stm32: sys: software ver: v1.2.8
May 29 22:01:01 3dr_controller local0.info +503 stm32: sys: (try 2)
May 29 22:01:11 3dr_controller local0.info +506 stm32: up 1:504 3:11 14:505 0 B 0.00 KB/s dn 0 B 0.00 KB/s
May 29 22:01:12 3dr_controller local0.info +507 stm32: got solo ip: 10.1.1.10
May 29 22:01:16 3dr_controller local0.info +423 stm32: ButtonEvent listen_thread: adding client 29 at 10.1.1.10:56562
May 29 22:01:21 3dr_controller local0.info +509 stm32: up 1:499 3:10 14:499 11700 B 1.14 KB/s dn 50885 B 4.97 KB/s
May 29 22:01:31 3dr_controller local0.info +512 stm32: up 1:501 3:10 14:501 13026 B 1.27 KB/s dn 30596 B 2.99 KB/s
May 29 22:01:41 3dr_controller local0.info +513 stm32: up 1:500 3:10 14:500 13000 B 1.27 KB/s dn 30356 B 2.96 KB/s
May 29 22:01:51 3dr_controller local0.info +517 stm32: up 1:500 3:10 14:500 13000 B 1.27 KB/s dn 29822 B 2.91 KB/s
May 29 22:02:01 3dr_controller local0.info +519 stm32: up 1:500 3:10 14:500 13000 B 1.27 KB/s dn 30270 B 2.96 KB/s
May 29 22:02:11 3dr_controller local0.info +522 stm32: up 1:500 3:10 14:500 13000 B 1.27 KB/s dn 30517 B 2.98 KB/s
May 29 22:02:21 3dr_controller local0.info +525 stm32: up 1:500 3:10 14:500 13000 B 1.27 KB/s dn 30060 B 2.93 KB/s
May 29 22:02:31 3dr_controller local0.info +527 stm32: up 1:500 3:10 14:500 13000 B 1.27 KB/s dn 30326 B 2.96 KB/s
May 29 22:02:41 3dr_controller local0.info +530 stm32: up 1:500 3:10 14:500 13000 B 1.27 KB/s dn 30467 B 2.97 KB/s
May 29 22:02:51 3dr_controller local0.info +533 stm32: up 1:501 3:10 14:501 13026 B 1.27 KB/s dn 29829 B 2.91 KB/s
May 29 22:03:01 3dr_controller local0.info +535 stm32: up 1:500 3:10 14:500 13000 B 1.27 KB/s dn 30458 B 2.97 KB/s
May 29 22:03:11 3dr_controller local0.info +538 stm32: up 1:500 3:10 14:500 13000 B 1.27 KB/s dn 30326 B 2.96 KB/s
May 29 22:03:21 3dr_controller local0.info +540 stm32: up 1:500 3:10 14:500 13000 B 1.27 KB/s dn 29822 B 2.91 KB/s
May 29 22:03:31 3dr_controller local0.info +543 stm32: up 1:500 3:10 14:500 13000 B 1.27 KB/s dn 30517 B 2.98 KB/s
May 29 22:03:41 3dr_controller local0.info +546 stm32: up 1:500 3:10 14:500 13000 B 1.27 KB/s dn 30270 B 2.96 KB/s
May 29 22:03:51 3dr_controller local0.info +548 stm32: up 1:500 3:10 14:500 13000 B 1.27 KB/s dn 30356 B 2.96 KB/s
May 29 22:04:01 3dr_controller local0.info +551 stm32: up 1:500 3:10 14:500 13000 B 1.27 KB/s dn 30119 B 2.94 KB/s
May 29 22:04:11 3dr_controller local0.info +554 stm32: up 1:500 3:10 14:500 13000 B 1.27 KB/s dn 30220 B 2.95 KB/s
May 29 22:04:21 3dr_controller local0.info +555 stm32: up 1:501 3:10 14:501 13026 B 1.27 KB/s dn 30458 B 2.97 KB/s
May 29 22:04:31 3dr_controller local0.info +559 stm32: up 1:500 3:10 14:500 13000 B 1.27 KB/s dn 29872 B 2.92 KB/s
May 29 22:04:41 3dr_controller local0.info +562 stm32: up 1:500 3:10 14:500 13000 B 1.27 KB/s dn 30391 B 2.97 KB/s
May 29 22:04:51 3dr_controller local0.info +564 stm32: up 1:500 3:10 14:500 13000 B 1.27 KB/s dn 30452 B 2.97 KB/s
May 29 22:05:01 3dr_controller local0.info +567 stm32: up 1:500 3:10 14:500 13000 B 1.27 KB/s dn 30365 B 2.96 KB/s
May 29 22:05:11 3dr_controller local0.info +569 stm32: up 1:500 3:10 14:500 13000 B 1.27 KB/s dn 29872 B 2.92 KB/s
May 29 22:05:21 3dr_controller local0.info +572 stm32: up 1:500 3:10 14:500 13000 B 1.27 KB/s dn 30517 B 2.98 KB/s
May 29 22:05:31 3dr_controller local0.info +575 stm32: up 1:500 3:10 14:500 13000 B 1.27 KB/s dn 30270 B 2.96 KB/s
May 29 22:05:41 3dr_controller local0.info +578 stm32: up 1:501 3:10 14:501 13026 B 1.27 KB/s dn 30060 B 2.93 KB/s
May 29 22:05:51 3dr_controller local0.info +581 stm32: up 1:500 3:10 14:500 13000 B 1.27 KB/s dn 30276 B 2.96 KB/s
May 29 22:06:01 3dr_controller local0.info +583 stm32: up 1:500 3:10 14:500 13000 B 1.27 KB/s dn 30517 B 2.98 KB/s
May 29 22:06:11 3dr_controller local0.info +586 stm32: up 1:500 3:10 14:500 13000 B 1.27 KB/s dn 29826 B 2.91 KB/s
May 29 22:06:21 3dr_controller local0.info +589 stm32: up 1:500 3:10 14:500 13000 B 1.27 KB/s dn 30458 B 2.97 KB/s
May 29 22:06:31 3dr_controller local0.info +591 stm32: up 1:500 3:10 14:500 13000 B 1.27 KB/s dn 30270 B 2.96 KB/s
May 29 22:06:41 3dr_controller local0.info +594 stm32: up 1:500 3:10 14:500 13000 B 1.27 KB/s dn 30467 B 2.97 KB/s
May 29 22:06:51 3dr_controller local0.info +596 stm32: up 1:500 3:10 14:500 13000 B 1.27 KB/s dn 29872 B 2.92 KB/s
May 29 22:07:01 3dr_controller local0.info +599 stm32: up 1:501 3:10 14:501 13026 B 1.27 KB/s dn 30458 B 2.97 KB/s
May 29 22:07:11 3dr_controller local0.info +602 stm32: up 1:500 3:10 14:500 13000 B 1.27 KB/s dn 30227 B 2.95 KB/s
May 29 22:07:21 3dr_controller local0.info +604 stm32: up 1:500 3:10 14:500 13000 B 1.27 KB/s dn 30069 B 2.94 KB/s
May 29 22:07:31 3dr_controller local0.info +607 stm32: up 1:500 3:10 14:500 13000 B 1.27 KB/s dn 30326 B 2.96 KB/s
May 29 22:07:41 3dr_controller local0.info +609 stm32: up 1:500 3:10 14:500 13000 B 1.27 KB/s dn 30458 B 2.97 KB/s
May 29 22:07:43 3dr_controller local0.info +543 stm32: ButtonEvent listen_thread: adding client 30 at 10.1.1.177:51779
May 29 22:07:43 3dr_controller local0.info +546 stm32: app connected message going down
May 29 22:07:43 3dr_controller local0.info +548 stm32: InputReport listen_thread: adding client 31 at 10.1.1.177:51782
May 29 22:07:51 3dr_controller local0.info +612 stm32: up 1:500 3:10 14:500 13000 B 1.27 KB/s dn 31303 B 3.06 KB/s
May 29 22:08:01 3dr_controller local0.info +615 stm32: up 1:500 3:10 14:500 13000 B 1.27 KB/s dn 30517 B 2.98 KB/s
May 29 22:08:11 3dr_controller local0.info +618 stm32: up 1:500 3:10 14:500 13000 B 1.27 KB/s dn 30220 B 2.95 KB/s
May 29 22:08:21 3dr_controller local0.info +621 stm32: up 1:501 3:10 14:501 13026 B 1.27 KB/s dn 30356 B 2.96 KB/s
May 29 22:08:31 3dr_controller local0.info +623 stm32: up 1:500 3:10 14:500 13000 B 1.27 KB/s dn 29872 B 2.92 KB/s
May 29 22:08:41 3dr_controller local0.info +626 stm32: up 1:500 3:10 14:500 13000 B 1.27 KB/s dn 30517 B 2.98 KB/s
May 29 22:08:51 3dr_controller local0.info +628 stm32: up 1:500 3:10 14:500 13000 B 1.27 KB/s dn 30326 B 2.96 KB/s
May 29 22:09:01 3dr_controller local0.info +631 stm32: up 1:500 3:10 14:500 13000 B 1.27 KB/s dn 29822 B 2.91 KB/s
May 29 22:09:11 3dr_controller local0.info +633 stm32: up 1:500 3:10 14:500 13000 B 1.27 KB/s dn 30458 B 2.97 KB/s
May 29 22:09:21 3dr_controller local0.info +638 stm32: up 1:500 3:10 14:500 13000 B 1.27 KB/s dn 30517 B 2.98 KB/s
May 29 22:09:31 3dr_controller local0.info +641 stm32: up 1:501 3:10 14:500 13026 B 1.27 KB/s dn 29829 B 2.91 KB/s
May 29 22:09:31 3dr_controller local0.info +767 stm32: InputReport downstream_thread: deleting client 31
May 29 22:09:31 3dr_controller local0.info +767 stm32: app connected message going down
May 29 22:09:31 3dr_controller local0.info +768 stm32: ButtonEvent downstream_thread: deleting client 30
May 29 22:09:41 3dr_controller local0.info +646 stm32: up 1:500 3:10 14:501 13000 B 1.27 KB/s dn 30458 B 2.97 KB/s
May 29 22:09:51 3dr_controller local0.info +649 stm32: up 1:500 3:10 14:500 13000 B 1.27 KB/s dn 30220 B 2.95 KB/s
May 29 22:10:01 3dr_controller local0.info +651 stm32: up 1:500 3:10 14:500 13000 B 1.27 KB/s dn 30517 B 2.98 KB/s
May 29 22:10:11 3dr_controller local0.info +654 stm32: up 1:500 3:10 14:500 13000 B 1.27 KB/s dn 29872 B 2.92 KB/s
May 29 22:10:21 3dr_controller local0.info +656 stm32: up 1:500 3:10 14:500 13000 B 1.27 KB/s dn 30458 B 2.97 KB/s
May 29 22:10:31 3dr_controller local0.info +659 stm32: up 1:500 3:10 14:500 13000 B 1.27 KB/s dn 30224 B 2.95 KB/s
May 29 22:10:41 3dr_controller local0.info +662 stm32: up 1:501 3:10 14:500 13026 B 1.27 KB/s dn 30069 B 2.94 KB/s
May 29 22:10:51 3dr_controller local0.info +665 stm32: up 1:500 3:10 14:501 13000 B 1.27 KB/s dn 30326 B 2.96 KB/s
May 29 22:11:01 3dr_controller local0.info +667 stm32: up 1:500 3:10 14:500 13000 B 1.27 KB/s dn 30458 B 2.97 KB/s
May 29 22:11:11 3dr_controller local0.info +671 stm32: up 1:500 3:10 14:500 13000 B 1.27 KB/s dn 30517 B 2.98 KB/s
May 29 22:11:21 3dr_controller local0.info +674 stm32: up 1:500 3:10 14:500 13000 B 1.27 KB/s dn 29822 B 2.91 KB/s
May 29 22:11:31 3dr_controller local0.info +676 stm32: up 1:500 3:10 14:500 13000 B 1.27 KB/s dn 30458 B 2.97 KB/s
May 29 22:11:41 3dr_controller local0.info +679 stm32: up 1:500 3:10 14:500 13000 B 1.27 KB/s dn 30283 B 2.96 KB/s
May 29 22:11:51 3dr_controller local0.info +681 stm32: up 1:500 3:10 14:500 13000 B 1.27 KB/s dn 30119 B 2.94 KB/s
May 29 22:12:01 3dr_controller local0.info +684 stm32: up 1:501 3:10 14:500 13026 B 1.27 KB/s dn 30270 B 2.96 KB/s
May 29 22:12:11 3dr_controller local0.info +687 stm32: up 1:500 3:10 14:501 13000 B 1.27 KB/s dn 30408 B 2.97 KB/s
May 29 22:12:21 3dr_controller local0.info +689 stm32: up 1:500 3:10 14:500 13000 B 1.27 KB/s dn 30517 B 2.98 KB/s
May 29 22:12:31 3dr_controller local0.info +692 stm32: up 1:500 3:10 14:500 13000 B 1.27 KB/s dn 29872 B 2.92 KB/s
May 29 22:12:41 3dr_controller local0.info +693 stm32: up 1:500 3:10 14:500 13000 B 1.27 KB/s dn 30458 B 2.97 KB/s
May 29 22:12:51 3dr_controller local0.info +699 stm32: up 1:500 3:10 14:500 13000 B 1.27 KB/s dn 30270 B 2.95 KB/s
May 29 22:13:01 3dr_controller local0.info +701 stm32: up 1:500 3:10 14:500 13000 B 1.27 KB/s dn 29967 B 2.93 KB/s
May 29 22:13:11 3dr_controller local0.info +704 stm32: up 1:500 3:10 14:500 13000 B 1.27 KB/s dn 30270 B 2.96 KB/s
May 29 22:13:21 3dr_controller local0.info +707 stm32: up 1:501 3:10 14:501 13026 B 1.27 KB/s dn 30458 B 2.97 KB/s
May 29 22:13:31 3dr_controller local0.info +709 stm32: up 1:500 3:10 14:500 13000 B 1.27 KB/s dn 29872 B 2.92 KB/s
May 29 22:13:41 3dr_controller local0.info +712 stm32: up 1:500 3:10 14:500 13000 B 1.27 KB/s dn 30517 B 2.98 KB/s
May 29 22:13:51 3dr_controller local0.info +715 stm32: up 1:500 3:10 14:500 13000 B 1.27 KB/s dn 30220 B 2.95 KB/s
May 29 22:14:01 3dr_controller local0.info +718 stm32: up 1:500 3:10 14:500 13000 B 1.27 KB/s dn 30415 B 2.97 KB/s
May 29 22:14:11 3dr_controller local0.info +721 stm32: up 1:500 3:10 14:500 13000 B 1.27 KB/s dn 29872 B 2.92 KB/s
May 29 22:14:21 3dr_controller local0.info +724 stm32: up 1:500 3:10 14:500 13000 B 1.27 KB/s dn 30517 B 2.98 KB/s
May 29 22:14:31 3dr_controller local0.info +727 stm32: up 1:500 3:10 14:500 13000 B 1.27 KB/s dn 30270 B 2.96 KB/s
May 29 22:14:41 3dr_controller local0.info +730 stm32: up 1:501 3:10 14:501 13026 B 1.27 KB/s dn 30010 B 2.93 KB/s
May 29 22:14:51 3dr_controller local0.info +732 stm32: up 1:500 3:10 14:500 13000 B 1.27 KB/s dn 30326 B 2.96 KB/s
May 29 22:15:01 3dr_controller local0.info +735 stm32: up 1:500 3:10 14:500 13000 B 1.27 KB/s dn 30517 B 2.98 KB/s
May 29 22:15:11 3dr_controller local0.info +737 stm32: up 1:500 3:10 14:500 13000 B 1.27 KB/s dn 29770 B 2.91 KB/s
May 29 22:15:21 3dr_controller local0.info +739 stm32: up 1:500 3:10 14:500 13000 B 1.27 KB/s dn 30408 B 2.97 KB/s
May 29 22:15:31 3dr_controller local0.info +742 stm32: up 1:500 3:10 14:500 13000 B 1.27 KB/s dn 30517 B 2.98 KB/s
May 29 22:15:41 3dr_controller local0.info +744 stm32: up 1:500 3:10 14:500 13000 B 1.27 KB/s dn 30270 B 2.96 KB/s
May 29 22:15:51 3dr_controller local0.info +747 stm32: up 1:500 3:10 14:500 13000 B 1.27 KB/s dn 30060 B 2.93 KB/s
May 29 22:16:01 3dr_controller local0.info +750 stm32: up 1:500 3:10 14:500 13000 B 1.27 KB/s dn 30270 B 2.96 KB/s
May 29 22:16:11 3dr_controller local0.info +752 stm32: up 1:501 3:10 14:501 13026 B 1.27 KB/s dn 30467 B 2.97 KB/s
May 29 22:16:21 3dr_controller local0.info +755 stm32: up 1:500 3:10 14:500 13000 B 1.27 KB/s dn 29829 B 2.91 KB/s
May 29 22:16:31 3dr_controller local0.info +757 stm32: up 1:500 3:10 14:500 13000 B 1.27 KB/s dn 30326 B 2.96 KB/s
May 29 22:16:41 3dr_controller local0.info +760 stm32: up 1:500 3:10 14:500 13000 B 1.27 KB/s dn 30458 B 2.97 KB/s
May 29 22:16:51 3dr_controller local0.info +762 stm32: up 1:500 3:10 14:500 13000 B 1.27 KB/s dn 30517 B 2.98 KB/s
May 29 22:17:01 3dr_controller local0.info +765 stm32: up 1:500 3:10 14:500 13000 B 1.27 KB/s dn 29822 B 2.91 KB/s
May 29 22:17:11 3dr_controller local0.info +768 stm32: up 1:500 3:10 14:500 13000 B 1.27 KB/s dn 30458 B 2.97 KB/s
May 29 22:17:21 3dr_controller local0.info +770 stm32: up 1:500 3:10 14:500 13000 B 1.27 KB/s dn 30168 B 2.95 KB/s
Jun  2 19:55:03 3dr_controller local0.info +684 stm32: up 1:501 3:10 14:501 13026 B 1.27 KB/s dn 30737 B 3.00 KB/s
Jun  2 19:55:13 3dr_controller local0.info +687 stm32: up 1:500 3:10 14:500 13000 B 1.27 KB/s dn 31488 B 3.07 KB/s
Jun  2 19:55:23 3dr_controller local0.info +689 stm32: up 1:500 3:10 14:500 13000 B 1.27 KB/s dn 30950 B 3.02 KB/s
Jun  2 19:55:33 3dr_controller local0.info +692 stm32: up 1:500 3:10 14:500 13000 B 1.27 KB/s dn 30868 B 3.01 KB/s
Jun  2 19:55:43 3dr_controller local0.info +694 stm32: up 1:500 3:10 14:500 13000 B 1.27 KB/s dn 31547 B 3.08 KB/s
Jun  2 19:55:53 3dr_controller local0.info +697 stm32: up 1:500 3:10 14:500 13000 B 1.27 KB/s dn 31488 B 3.07 KB/s
Jun  2 19:56:03 3dr_controller local0.info +700 stm32: up 1:500 3:10 14:500 13000 B 1.27 KB/s dn 31257 B 3.05 KB/s
Jun  2 19:56:13 3dr_controller local0.info +705 stm32: up 1:501 3:10 14:501 13026 B 1.27 KB/s dn 31069 B 3.03 KB/s
Jun  2 19:56:23 3dr_controller local0.info +708 stm32: up 1:500 3:10 14:500 13000 B 1.27 KB/s dn 31300 B 3.06 KB/s
Jun  2 19:56:33 3dr_controller local0.info +710 stm32: up 1:500 3:10 14:500 13000 B 1.27 KB/s dn 31488 B 3.07 KB/s
Jun  2 19:56:43 3dr_controller local0.info +713 stm32: up 1:500 3:10 14:500 13000 B 1.27 KB/s dn 30872 B 3.01 KB/s
Jun  2 19:56:53 3dr_controller local0.info +715 stm32: up 1:500 3:10 14:500 13000 B 1.27 KB/s dn 31250 B 3.05 KB/s
Jun  2 19:57:03 3dr_controller local0.info +718 stm32: up 1:500 3:10 14:500 13000 B 1.27 KB/s dn 21134 B 2.06 KB/s
Jun  2 19:57:13 3dr_controller local0.info +721 stm32: up 1:500 3:10 14:500 13000 B 1.27 KB/s dn 0 B 0.00 KB/s
Jun  2 19:57:23 3dr_controller local0.info +723 stm32: up 1:500 3:10 14:500 13000 B 1.27 KB/s dn 0 B 0.00 KB/s
Jun  2 19:57:31 3dr_controller local0.info +992 stm32: telem gap 31596 msec
Jun  2 19:57:33 3dr_controller local0.info +728 stm32: up 1:500 3:10 14:500 13000 B 1.27 KB/s dn 9063 B 0.88 KB/s
Jun  2 19:57:43 3dr_controller local0.info +731 stm32: up 1:500 3:10 14:500 13000 B 1.27 KB/s dn 31003 B 3.03 KB/s
Jun  2 19:57:53 3dr_controller local0.info +736 stm32: up 1:500 3:10 14:500 13000 B 1.27 KB/s dn 30710 B 3.00 KB/s
Jun  2 19:58:03 3dr_controller local0.info +739 stm32: up 1:500 3:10 14:500 13000 B 1.27 KB/s dn 0 B 0.00 KB/s
Jun  2 19:58:13 3dr_controller local0.info +742 stm32: up 1:500 3:10 14:500 13000 B 1.27 KB/s dn 0 B 0.00 KB/s
Jun  2 19:58:14 3dr_controller local0.info +450 stm32: telem gap 20869 msec
Jun  2 19:58:23 3dr_controller local0.info +745 stm32: up 1:499 3:10 14:499 12974 B 1.27 KB/s dn 29503 B 2.88 KB/s
Jun  2 19:58:33 3dr_controller local0.info +749 stm32: up 1:501 3:10 14:501 13026 B 1.27 KB/s dn 30796 B 3.01 KB/s
Jun  2 19:58:43 3dr_controller local0.info +751 stm32: up 1:500 3:10 14:500 13000 B 1.27 KB/s dn 31521 B 3.08 KB/s
Jun  2 19:58:53 3dr_controller local0.info +754 stm32: up 1:500 3:10 14:500 13000 B 1.27 KB/s dn 30904 B 3.02 KB/s
Jun  2 19:59:03 3dr_controller local0.info +757 stm32: up 1:500 3:10 14:500 13000 B 1.27 KB/s dn 31030 B 3.03 KB/s
Jun  2 19:59:13 3dr_controller local0.info +760 stm32: up 1:500 3:10 14:500 13000 B 1.27 KB/s dn 31300 B 3.06 KB/s
Jun  2 19:59:23 3dr_controller local0.info +763 stm32: up 1:500 3:10 14:500 13000 B 1.27 KB/s dn 31497 B 3.08 KB/s
Jun  2 19:59:33 3dr_controller local0.info +765 stm32: up 1:500 3:10 14:500 13000 B 1.27 KB/s dn 30826 B 3.01 KB/s
Jun  2 19:59:43 3dr_controller local0.info +768 stm32: up 1:500 3:10 14:500 13000 B 1.27 KB/s dn 31488 B 3.07 KB/s
Jun  2 19:59:53 3dr_controller local0.info +773 stm32: up 1:501 3:10 14:501 13026 B 1.27 KB/s dn 31300 B 3.06 KB/s
Jun  2 20:00:03 3dr_controller local0.info +775 stm32: up 1:500 3:10 14:500 13000 B 1.27 KB/s dn 31036 B 3.03 KB/s
Jun  2 20:00:13 3dr_controller local0.info +779 stm32: up 1:500 3:10 14:500 13000 B 1.27 KB/s dn 31303 B 3.06 KB/s
Jun  2 20:00:23 3dr_controller local0.info +781 stm32: up 1:500 3:10 14:500 13000 B 1.27 KB/s dn 31488 B 3.07 KB/s
Jun  2 20:00:33 3dr_controller local0.info +784 stm32: up 1:500 3:10 14:500 13000 B 1.27 KB/s dn 31547 B 3.08 KB/s
Jun  2 20:00:43 3dr_controller local0.info +786 stm32: up 1:500 3:10 14:500 13000 B 1.27 KB/s dn 30803 B 3.01 KB/s
Jun  2 20:00:53 3dr_controller local0.info +786 stm32: up 1:500 3:10 14:500 13000 B 1.27 KB/s dn 31438 B 3.07 KB/s
Jun  2 20:01:03 3dr_controller local0.info +791 stm32: up 1:501 3:10 14:501 13026 B 1.27 KB/s dn 31356 B 3.06 KB/s
Jun  2 20:01:13 3dr_controller local0.info +794 stm32: up 1:500 3:10 14:500 13000 B 1.27 KB/s dn 30898 B 3.02 KB/s
Jun  2 20:01:23 3dr_controller local0.info +797 stm32: up 1:500 3:10 14:500 13000 B 1.27 KB/s dn 31547 B 3.08 KB/s
Jun  2 20:01:33 3dr_controller local0.info +799 stm32: up 1:500 3:10 14:500 13000 B 1.27 KB/s dn 31488 B 3.07 KB/s
Jun  2 20:01:43 3dr_controller local0.info +802 stm32: up 1:500 3:10 14:500 13000 B 1.27 KB/s dn 31204 B 3.05 KB/s
Jun  2 20:01:53 3dr_controller local0.info +805 stm32: up 1:500 3:10 14:500 13000 B 1.27 KB/s dn 31119 B 3.04 KB/s
Jun  2 20:02:03 3dr_controller local0.info +807 stm32: up 1:500 3:10 14:500 13000 B 1.27 KB/s dn 31488 B 3.07 KB/s
Jun  2 20:02:13 3dr_controller local0.info +810 stm32: up 1:500 3:10 14:500 13000 B 1.27 KB/s dn 31356 B 3.06 KB/s
Jun  2 20:02:23 3dr_controller local0.info +812 stm32: up 1:501 3:10 14:500 13026 B 1.27 KB/s dn 31547 B 3.08 KB/s
Jun  2 20:02:33 3dr_controller local0.info +815 stm32: up 1:500 3:10 14:501 13000 B 1.27 KB/s dn 30792 B 3.01 KB/s
Jun  2 20:02:43 3dr_controller local0.info +817 stm32: up 1:500 3:10 14:500 13000 B 1.27 KB/s dn 31300 B 3.06 KB/s
Jun  2 20:02:53 3dr_controller local0.info +820 stm32: up 1:500 3:10 14:500 13000 B 1.27 KB/s dn 31445 B 3.07 KB/s
Jun  2 20:03:03 3dr_controller local0.info +822 stm32: up 1:500 3:10 14:500 13000 B 1.27 KB/s dn 31093 B 3.04 KB/s
Jun  2 20:03:13 3dr_controller local0.info +825 stm32: up 1:500 3:10 14:500 13000 B 1.27 KB/s dn 31300 B 3.06 KB/s
Jun  2 20:03:23 3dr_controller local0.info +827 stm32: up 1:500 3:10 14:500 13000 B 1.27 KB/s dn 31342 B 3.06 KB/s
Jun  2 20:03:33 3dr_controller local0.info +830 stm32: up 1:500 3:10 14:500 13000 B 1.27 KB/s dn 30994 B 3.03 KB/s
Jun  2 20:03:43 3dr_controller local0.info +833 stm32: up 1:500 3:10 14:500 13000 B 1.27 KB/s dn 31547 B 3.08 KB/s
Jun  2 20:03:53 3dr_controller local0.info +836 stm32: up 1:501 3:10 14:501 13026 B 1.27 KB/s dn 31300 B 3.06 KB/s
Jun  2 20:04:03 3dr_controller local0.info +838 stm32: up 1:500 3:10 14:500 13000 B 1.27 KB/s dn 31544 B 3.08 KB/s
Jun  2 20:04:13 3dr_controller local0.info +841 stm32: up 1:500 3:10 14:500 13000 B 1.27 KB/s dn 30720 B 3.00 KB/s
Jun  2 20:04:23 3dr_controller local0.info +845 stm32: up 1:500 3:10 14:500 13000 B 1.27 KB/s dn 31547 B 3.08 KB/s
Jun  2 20:04:33 3dr_controller local0.info +847 stm32: up 1:500 3:10 14:500 13000 B 1.27 KB/s dn 31488 B 3.07 KB/s
Jun  2 20:04:43 3dr_controller local0.info +850 stm32: up 1:500 3:10 14:500 13000 B 1.27 KB/s dn 31101 B 3.04 KB/s
Jun  2 20:04:53 3dr_controller local0.info +853 stm32: up 1:500 3:10 14:500 13000 B 1.27 KB/s dn 30991 B 3.03 KB/s
Jun  2 20:05:03 3dr_controller local0.info +856 stm32: up 1:501 3:10 14:501 13026 B 1.27 KB/s dn 31735 B 3.10 KB/s
Jun  2 20:05:13 3dr_controller local0.info +859 stm32: up 1:500 3:10 14:500 13000 B 1.27 KB/s dn 31257 B 3.05 KB/s
Jun  2 20:05:23 3dr_controller local0.info +862 stm32: up 1:500 3:10 14:500 13000 B 1.27 KB/s dn 30846 B 3.01 KB/s
Jun  2 20:05:33 3dr_controller local0.info +865 stm32: up 1:500 3:10 14:500 13000 B 1.27 KB/s dn 31547 B 3.08 KB/s
Jun  2 20:05:43 3dr_controller local0.info +868 stm32: up 1:500 3:10 14:500 13000 B 1.27 KB/s dn 31438 B 3.07 KB/s
Jun  2 20:05:53 3dr_controller local0.info +871 stm32: up 1:500 3:10 14:500 13000 B 1.27 KB/s dn 30842 B 3.01 KB/s
Jun  2 20:06:03 3dr_controller local0.info +874 stm32: up 1:500 3:10 14:500 13000 B 1.27 KB/s dn 31356 B 3.06 KB/s
Jun  2 20:06:13 3dr_controller local0.info +876 stm32: up 1:500 3:10 14:500 13000 B 1.27 KB/s dn 31491 B 3.07 KB/s
